#
# A fatal error has been detected by the Java Runtime Environment:
#
#  EXCEPTION_ACCESS_VIOLATION (0xc0000005) at pc=0x0000000067978f69, pid=9724, tid=7864
#
# JRE version: 7.0_21-b11
# Java VM: Java HotSpot(TM) 64-Bit Server VM (23.21-b01 mixed mode windows-amd64 compressed oops)
# Problematic frame:
# V  [jvm.dll+0x38f69]
#
# Failed to write core dump. Minidumps are not enabled by default on client versions of Windows
#
# If you would like to submit a bug report, please visit:
#   http://bugreport.sun.com/bugreport/crash.jsp
#

---------------  T H R E A D  ---------------

Current thread (0x0000000009eff000):  JavaThread "JDWP Transport Listener: dt_socket" daemon [_thread_in_vm, id=7864, stack(0x000000000c4e0000,0x000000000c5e0000)]

siginfo: ExceptionCode=0xc0000005, reading address 0x000000000000000c

Registers:
RAX=0x000000000000000c, RBX=0x0000000009eff000, RCX=0x0000000000000000, RDX=0x0000000000000000
RSP=0x000000000c5df8e0, RBP=0x000000000000000c, RSI=0x0000000000000000, RDI=0x0000000000000010
R8 =0x00000000e0517098, R9 =0x0000000000000000, R10=0x0000000000000000, R11=0x0000000000000001
R12=0x0000000000000000, R13=0x0000000000000000, R14=0x0000000000000000, R15=0x0000000000000000
RIP=0x0000000067978f69, EFLAGS=0x0000000000010246

Top of Stack: (sp=0x000000000c5df8e0)
0x000000000c5df8e0:   0000000009eff000 0000000000000000
0x000000000c5df8f0:   0000000000000000 0000000009eff000
0x000000000c5df900:   0000000000000000 0000000067a37ea4
0x000000000c5df910:   00000000e0517098 000000000c5dfa30
0x000000000c5df920:   0000000009effc70 000000000c5dfa00
0x000000000c5df930:   0000000009eff000 0000000000000000
0x000000000c5df940:   0000000009effc70 000000000c5dfa30
0x000000000c5df950:   0000000000000000 0000000000000000
0x000000000c5df960:   0000000009eff1d8 0000000067767d15
0x000000000c5df970:   000000000c5dfa00 000000000c5dfa30
0x000000000c5df980:   0000000009effc70 0000000009eff1d8
0x000000000c5df990:   000000000cbc930a 000000006776f09c
0x000000000c5df9a0:   0000000067010a01 000000000c5dfaa0
0x000000000c5df9b0:   0000000009ef6201 000000000cb00eb0
0x000000000c5df9c0:   00000d6400000013 0000000067010a00
0x000000000c5df9d0:   0000000009f182d0 0000000000000000 

Instructions: (pc=0x0000000067978f69)
0x0000000067978f49:   d2 48 8b c5 eb 18 48 8b d0 48 8b c5 48 d3 e2 48
0x0000000067978f59:   03 15 b1 35 62 00 eb 06 48 8b 12 48 8b c7 48 98
0x0000000067978f69:   8b 14 10 85 d2 74 2a 45 84 db 4c 63 c6 48 0f 45
0x0000000067978f79:   fd 8d 47 0b 48 63 c8 48 83 e1 f8 48 c1 e9 03 8d 


Register to memory mapping:

RAX=0x000000000000000c is an unknown value
RBX=0x0000000009eff000 is a thread
RCX=0x0000000000000000 is an unknown value
RDX=0x0000000000000000 is an unknown value
RSP=0x000000000c5df8e0 is pointing into the stack for thread: 0x0000000009eff000
RBP=0x000000000000000c is an unknown value
RSI=0x0000000000000000 is an unknown value
RDI=0x0000000000000010 is an unknown value
R8 =0x00000000e0517098 is an oop
java.lang.String 
 - klass: 'java/lang/String'
R9 =0x0000000000000000 is an unknown value
R10=0x0000000000000000 is an unknown value
R11=0x0000000000000001 is an unknown value
R12=0x0000000000000000 is an unknown value
R13=0x0000000000000000 is an unknown value
R14=0x0000000000000000 is an unknown value
R15=0x0000000000000000 is an unknown value


Stack: [0x000000000c4e0000,0x000000000c5e0000],  sp=0x000000000c5df8e0,  free space=1022k
Native frames: (J=compiled Java code, j=interpreted, Vv=VM code, C=native code)
V  [jvm.dll+0x38f69]


---------------  P R O C E S S  ---------------

Java Threads: ( => current thread )
  0x0000000009f1f800 JavaThread "Service Thread" daemon [_thread_blocked, id=10056, stack(0x000000000c9e0000,0x000000000cae0000)]
  0x0000000009f1f000 JavaThread "C2 CompilerThread1" daemon [_thread_blocked, id=6652, stack(0x000000000c8e0000,0x000000000c9e0000)]
  0x0000000009f19800 JavaThread "C2 CompilerThread0" daemon [_thread_blocked, id=1688, stack(0x000000000c7e0000,0x000000000c8e0000)]
  0x0000000009f0c000 JavaThread "JDWP Command Reader" daemon [_thread_in_native, id=9200, stack(0x000000000c6e0000,0x000000000c7e0000)]
  0x0000000009f0b000 JavaThread "JDWP Event Helper Thread" daemon [_thread_blocked, id=4188, stack(0x000000000c5e0000,0x000000000c6e0000)]
=>0x0000000009eff000 JavaThread "JDWP Transport Listener: dt_socket" daemon [_thread_in_vm, id=7864, stack(0x000000000c4e0000,0x000000000c5e0000)]
  0x0000000009ef8800 JavaThread "Attach Listener" daemon [_thread_blocked, id=9916, stack(0x000000000c000000,0x000000000c100000)]
  0x0000000009ef3800 JavaThread "Signal Dispatcher" daemon [_thread_blocked, id=10044, stack(0x000000000bf00000,0x000000000c000000)]
  0x0000000009e90000 JavaThread "Finalizer" daemon [_thread_blocked, id=7000, stack(0x000000000be00000,0x000000000bf00000)]
  0x0000000009e88800 JavaThread "Reference Handler" daemon [_thread_blocked, id=9936, stack(0x000000000bd00000,0x000000000be00000)]
  0x0000000001d9e800 JavaThread "main" [_thread_blocked, id=7528, stack(0x0000000001e80000,0x0000000001f80000)]

Other Threads:
  0x0000000009e82800 VMThread [stack: 0x000000000bc00000,0x000000000bd00000] [id=9004]
  0x0000000009f1a800 WatcherThread [stack: 0x000000000cee0000,0x000000000cfe0000] [id=3172]

VM state:not at safepoint (normal execution)

VM Mutex/Monitor currently owned by a thread: None

Heap
 PSYoungGen      total 28416K, used 1464K [0x00000000e0400000, 0x00000000e23b0000, 0x0000000100000000)
  eden space 24384K, 6% used [0x00000000e0400000,0x00000000e056e0c0,0x00000000e1bd0000)
  from space 4032K, 0% used [0x00000000e1fc0000,0x00000000e1fc0000,0x00000000e23b0000)
  to   space 4032K, 0% used [0x00000000e1bd0000,0x00000000e1bd0000,0x00000000e1fc0000)
 ParOldGen       total 65024K, used 0K [0x00000000a0c00000, 0x00000000a4b80000, 0x00000000e0400000)
  object space 65024K, 0% used [0x00000000a0c00000,0x00000000a0c00000,0x00000000a4b80000)
 PSPermGen       total 21248K, used 3212K [0x000000009ba00000, 0x000000009cec0000, 0x00000000a0c00000)
  object space 21248K, 15% used [0x000000009ba00000,0x000000009bd230e0,0x000000009cec0000)

Card table byte_map: [0x0000000005140000,0x0000000005470000] byte_map_base: 0x0000000004c63000

Polling page: 0x0000000001d70000

Code Cache  [0x0000000002080000, 0x00000000022f0000, 0x0000000005080000)
 total_blobs=184 nmethods=1 adapters=143 free_code_cache=48764Kb largest_free_block=49923584

Compilation events (2 events):
Event: 2.503 Thread 0x0000000009f19800    1             java.util.Properties$LineReader::readLine (452 bytes)
Event: 2.518 Thread 0x0000000009f19800 nmethod 1 0x00000000020de9d0 code [0x00000000020deb60, 0x00000000020df3f8]

GC Heap History (0 events):
No events

Deoptimization events (0 events):
No events

Internal exceptions (6 events):
Event: 0.027 Thread 0x0000000001d9e800 Threw 0x00000000e04061b0 at C:\jdk7u2_64p\jdk7u21\hotspot\src\share\vm\prims\jni.cpp:3994
Event: 0.115 Thread 0x0000000001d9e800 Threw 0x00000000e044d008 at C:\jdk7u2_64p\jdk7u21\hotspot\src\share\vm\prims\jvm.cpp:1166
Event: 2.339 Thread 0x0000000001d9e800 Threw 0x00000000e0452a10 at C:\jdk7u2_64p\jdk7u21\hotspot\src\share\vm\prims\jvm.cpp:1166
Event: 13.632 Thread 0x0000000001d9e800 Threw 0x00000000e04653d8 at C:\jdk7u2_64p\jdk7u21\hotspot\src\share\vm\prims\jvm.cpp:1166
Event: 13.635 Thread 0x0000000001d9e800 Threw 0x00000000e04688d0 at C:\jdk7u2_64p\jdk7u21\hotspot\src\share\vm\prims\jvm.cpp:1166
Event: 13.682 Thread 0x0000000001d9e800 Threw 0x00000000e04f94d8 at C:\jdk7u2_64p\jdk7u21\hotspot\src\share\vm\prims\jvm.cpp:1166

Events (10 events):
Event: 14.118 Executing VM operation: EnterInterpOnlyMode
Event: 14.118 Executing VM operation: EnterInterpOnlyMode done
Event: 14.118 Executing VM operation: GetCurrentLocation
Event: 14.118 Executing VM operation: GetCurrentLocation done
Event: 14.118 Executing VM operation: ChangeSingleStep
Event: 14.118 Executing VM operation: ChangeSingleStep done
Event: 14.119 Executing VM operation: ChangeSingleStep
Event: 14.119 Executing VM operation: ChangeSingleStep done
Event: 14.128 Executing VM operation: GetOrSetLocal
Event: 14.128 Executing VM operation: GetOrSetLocal done


Dynamic libraries:
0x000007f6b4e70000 - 0x000007f6b4ea3000 	C:\glassfish4\jdk7\bin\javaw.exe
0x000007f8a6c50000 - 0x000007f8a6e10000 	C:\Windows\SYSTEM32\ntdll.dll
0x000007f8a47e0000 - 0x000007f8a4916000 	C:\Windows\system32\KERNEL32.DLL
0x000007f8a3bd0000 - 0x000007f8a3cc3000 	C:\Windows\system32\KERNELBASE.dll
0x000007f8a69e0000 - 0x000007f8a6abe000 	C:\Windows\system32\ADVAPI32.dll
0x000007f8a6410000 - 0x000007f8a655c000 	C:\Windows\system32\USER32.dll
0x000007f8a03c0000 - 0x000007f8a062a000 	C:\Windows\WinSxS\amd64_microsoft.windows.common-controls_6595b64144ccf1df_6.0.9200.16579_none_418ab7ef718b27ef\COMCTL32.dll
0x000007f8a67f0000 - 0x000007f8a6895000 	C:\Windows\system32\msvcrt.dll
0x000007f8a4790000 - 0x000007f8a47d8000 	C:\Windows\SYSTEM32\sechost.dll
0x000007f8a4fe0000 - 0x000007f8a5125000 	C:\Windows\system32\RPCRT4.dll
0x000007f8a40a0000 - 0x000007f8a41e1000 	C:\Windows\system32\GDI32.dll
0x000007f8a4750000 - 0x000007f8a4789000 	C:\Windows\system32\IMM32.DLL
0x000007f8a68a0000 - 0x000007f8a69b6000 	C:\Windows\system32\MSCTF.dll
0x00000000677a0000 - 0x0000000067871000 	C:\glassfish4\jdk7\jre\bin\msvcr100.dll
0x0000000067940000 - 0x0000000068061000 	C:\glassfish4\jdk7\jre\bin\server\jvm.dll
0x000007f8781f0000 - 0x000007f8781f9000 	C:\Windows\SYSTEM32\WSOCK32.dll
0x000007f894f30000 - 0x000007f894f50000 	C:\Windows\SYSTEM32\WINMM.dll
0x000007f8a69d0000 - 0x000007f8a69d7000 	C:\Windows\system32\PSAPI.DLL
0x000007f8a6790000 - 0x000007f8a67e8000 	C:\Windows\system32\WS2_32.dll
0x000007f894ef0000 - 0x000007f894f23000 	C:\Windows\SYSTEM32\WINMMBASE.dll
0x000007f8a69c0000 - 0x000007f8a69c9000 	C:\Windows\system32\NSI.dll
0x000007f8a3fc0000 - 0x000007f8a400f000 	C:\Windows\SYSTEM32\cfgmgr32.dll
0x000007f8a4010000 - 0x000007f8a4032000 	C:\Windows\system32\DEVOBJ.dll
0x0000000068ad0000 - 0x0000000068adf000 	C:\glassfish4\jdk7\jre\bin\verify.dll
0x0000000067910000 - 0x0000000067938000 	C:\glassfish4\jdk7\jre\bin\java.dll
0x0000000067760000 - 0x0000000067795000 	C:\glassfish4\jdk7\jre\bin\jdwp.dll
0x0000000068ac0000 - 0x0000000068ac8000 	C:\glassfish4\jdk7\jre\bin\npt.dll
0x00000000678f0000 - 0x0000000067905000 	C:\glassfish4\jdk7\jre\bin\zip.dll
0x0000000067750000 - 0x0000000067759000 	C:\glassfish4\jdk7\jre\bin\dt_socket.dll
0x000007f891000000 - 0x000007f891014000 	C:\Windows\system32\napinsp.dll
0x000007f891070000 - 0x000007f891088000 	C:\Windows\system32\pnrpnsp.dll
0x000007f8a2350000 - 0x000007f8a2366000 	C:\Windows\system32\NLAapi.dll
0x000007f8a3320000 - 0x000007f8a337c000 	C:\Windows\System32\mswsock.dll
0x000007f8a3120000 - 0x000007f8a31b8000 	C:\Windows\SYSTEM32\DNSAPI.dll
0x000007f891090000 - 0x000007f8910a2000 	C:\Windows\System32\winrnr.dll
0x000007f8910f0000 - 0x000007f891104000 	C:\Windows\system32\wshbth.dll
0x000007f8a0990000 - 0x000007f8a09f1000 	C:\Windows\System32\fwpuclnt.dll
0x000007f892e00000 - 0x000007f892e08000 	C:\Windows\System32\rasadhlp.dll
0x00000000678d0000 - 0x00000000678e9000 	C:\glassfish4\jdk7\jre\bin\net.dll
0x000007f8a0c70000 - 0x000007f8a0c9a000 	C:\Windows\SYSTEM32\IPHLPAPI.DLL
0x000007f8a0c10000 - 0x000007f8a0c1a000 	C:\Windows\SYSTEM32\WINNSI.DLL
0x000007f8a2040000 - 0x000007f8a21a3000 	C:\Windows\SYSTEM32\dbghelp.dll

VM Arguments:
jvm_args: -agentlib:jdwp=transport=dt_socket,suspend=y,address=localhost:6734 -Dfile.encoding=Cp1252 
java_command: ServerMain
Launcher Type: SUN_STANDARD

Environment Variables:
PATH=C:\glassfish4\jdk7\jre\bin;C:/glassfish4/jdk7/bin/../jre/bin/server;C:/glassfish4/jdk7/bin/../jre/bin;C:/glassfish4/jdk7/bin/../jre/lib/amd64;C:\Python33\;C:\Program Files (x86)\NVIDIA Corporation\PhysX\Common;C:\Program Files (x86)\AMD APP\bin\x86_64;C:\Program Files (x86)\AMD APP\bin\x86;C:\Users\adnot_000\Documents\AMD APP\bin\x86_64;C:\Users\adnot_000\Documents\AMD APP\bin\x86;C:\Windows\system32;C:\Windows;C:\Windows\System32\Wbem;C:\Windows\System32\WindowsPowerShell\v1.0\;C:\Program Files\Microsoft\Web Platform Installer\;C:\Program Files (x86)\Microsoft ASP.NET\ASP.NET Web Pages\v1.0\;C:\Program Files (x86)\Windows Kits\8.0\Windows Performance Toolkit\;C:\Program Files\Microsoft SQL Server\110\Tools\Binn\;C:\Program Files\Microsoft SQL Server\110\DTS\Binn\;C:\Program Files (x86)\Microsoft SQL Server\110\Tools\Binn\;C:\Program Files (x86)\Microsoft SQL Server\110\Tools\Binn\ManagementStudio\;C:\Program Files (x86)\Microsoft Visual Studio 10.0\Common7\IDE\PrivateAssemblies\;C:\Program Files (x86)\Microsoft SQL Server\110\DTS\Binn\;C:\Program Files (x86)\ATI Technologies\ATI.ACE\Core-Static;C:\MinGW\bin;C:\glassfish4\jdk7\bin;C:\Program Files\Zune\;F:\eclipse;
USERNAME=adnot_000
OS=Windows_NT
PROCESSOR_IDENTIFIER=Intel64 Family 6 Model 42 Stepping 7, GenuineIntel



---------------  S Y S T E M  ---------------

OS: Windows 8 , 64 bit Build 9200 

CPU:total 8 (4 cores per cpu, 2 threads per core) family 6 model 42 stepping 7, cmov, cx8, fxsr, mmx, sse, sse2, sse3, ssse3, sse4.1, sse4.2, popcnt, avx, ht, tsc, tscinvbit

Memory: 4k page, physical 6238060k(2783520k free), swap 7810924k(2854420k free)

vm_info: Java HotSpot(TM) 64-Bit Server VM (23.21-b01) for windows-amd64 JRE (1.7.0_21-b11), built on Apr  4 2013 08:11:28 by "java_re" with unknown MS VC++:1600

time: Tue Oct 15 21:00:08 2013
elapsed time: 14 seconds

